<?xml version="1.0" encoding="UTF-8"?>
<!-- Generated by org.testng.reporters.JUnitReportReporter -->
<testsuite hostname="DESKTOP-9008Q1N" name="com.qa.myntra.testcases.WishlistPageTest" tests="1" failures="0" timestamp="29 May 2021 08:53:31 GMT" time="27.138" errors="0">
  <testcase name="wishlist" time="27.138" classname="com.qa.myntra.testcases.WishlistPageTest"/>
</testsuite> <!-- com.qa.myntra.testcases.WishlistPageTest -->
