<?xml version="1.0" encoding="UTF-8"?>
<!-- Generated by org.testng.reporters.JUnitReportReporter -->
<testsuite hostname="DESKTOP-9008Q1N" name="com.qa.myntra.testcases.LoginPageTest" tests="1" failures="0" timestamp="20 May 2021 16:56:09 GMT" time="56.856" errors="0">
  <testcase name="loginTest" time="56.856" classname="com.qa.myntra.testcases.LoginPageTest"/>
</testsuite> <!-- com.qa.myntra.testcases.LoginPageTest -->
