<?xml version="1.0" encoding="UTF-8"?>
<!-- Generated by org.testng.reporters.JUnitReportReporter -->
<testsuite hostname="DESKTOP-9008Q1N" name="com.qa.myntra.testcases.MobileCoverTest" tests="1" failures="0" timestamp="23 May 2021 10:29:24 GMT" time="100.820" errors="0">
  <testcase name="filtercover" time="100.820" classname="com.qa.myntra.testcases.MobileCoverTest"/>
</testsuite> <!-- com.qa.myntra.testcases.MobileCoverTest -->
