<?xml version="1.0" encoding="UTF-8"?>
<!-- Generated by org.testng.reporters.JUnitReportReporter -->
<testsuite hostname="DESKTOP-9008Q1N" name="com.qa.myntra.testcases.HomePageTest" tests="1" failures="0" timestamp="21 May 2021 12:04:46 GMT" time="108.718" errors="0">
  <testcase name="search" time="108.718" classname="com.qa.myntra.testcases.HomePageTest"/>
</testsuite> <!-- com.qa.myntra.testcases.HomePageTest -->
